<?xml version="1.0" encoding="UTF-8"?>
<!-- Generated by org.testng.reporters.JUnitReportReporter -->
<testsuite skipped="0" hostname="DESKTOP-CGJKOVL" name="practice.Dummy15" tests="2" failures="0" timestamp="2021-01-05T08:26:23 IST" time="26.560" errors="0">
  <testcase name="method1" time="15.566" classname="practice.Dummy15"/>
  <system-out/>
  <testcase name="method2" time="10.994" classname="practice.Dummy15"/>
  <system-out/>
</testsuite> <!-- practice.Dummy15 -->
