<?xml version="1.0" encoding="UTF-8"?>
<!-- Generated by org.testng.reporters.JUnitReportReporter -->
<testsuite skipped="0" hostname="DESKTOP-CGJKOVL" name="practice.Dummy3" tests="1" failures="0" timestamp="2021-01-01T16:44:15 IST" time="0.016" errors="0">
  <testcase name="method" time="0.016" classname="practice.Dummy3"/>
  <system-out/>
</testsuite> <!-- practice.Dummy3 -->
