<?xml version="1.0" encoding="UTF-8"?>
<!-- Generated by org.testng.reporters.JUnitReportReporter -->
<testsuite skipped="0" hostname="DESKTOP-CGJKOVL" name="practice.Dummy9" tests="4" failures="0" timestamp="2021-01-01T20:15:11 IST" time="0.017" errors="0">
  <testcase name="StringConcat" time="0.003" classname="practice.Dummy9"/>
  <system-out/>
  <testcase name="numbersaddition" time="0.010" classname="practice.Dummy9"/>
  <system-out/>
  <testcase name="StringConcat" time="0.001" classname="practice.Dummy9"/>
  <system-out/>
  <testcase name="numbersaddition" time="0.003" classname="practice.Dummy9"/>
  <system-out/>
</testsuite> <!-- practice.Dummy9 -->
