<?xml version="1.0" encoding="UTF-8"?>
<!-- Generated by org.testng.reporters.JUnitReportReporter -->
<testsuite skipped="0" hostname="DESKTOP-CGJKOVL" name="practice.Dummy16" tests="1" failures="0" timestamp="2021-01-05T08:26:23 IST" time="52.472" errors="0">
  <testcase name="method1" time="52.472" classname="practice.Dummy16"/>
  <system-out/>
</testsuite> <!-- practice.Dummy16 -->
