<?xml version="1.0" encoding="UTF-8"?>
<!-- Generated by org.testng.reporters.JUnitReportReporter -->
<testsuite skipped="1" hostname="DESKTOP-CGJKOVL" name="practice.Dummy5" tests="2" failures="0" timestamp="2021-01-01T19:46:45 IST" time="0.011" errors="0">
  <testcase name="openbrowser" time="0.011" classname="practice.Dummy5"/>
  <system-out/>
  <testcase name="login" classname="practice.Dummy5">
    <skipped/>
  </testcase> <!-- login -->
  <system-out/>
</testsuite> <!-- practice.Dummy5 -->
