<?xml version="1.0" encoding="UTF-8"?>
<!-- Generated by org.testng.reporters.JUnitReportReporter -->
<testsuite skipped="0" hostname="DESKTOP-CGJKOVL" name="practice.Dummy14" tests="1" failures="0" timestamp="2021-01-05T07:27:39 IST" time="0.011" errors="0">
  <testcase name="testCase1" time="0.011" classname="practice.Dummy14"/>
  <system-out/>
</testsuite> <!-- practice.Dummy14 -->
