<?xml version="1.0" encoding="UTF-8"?>
<!-- Generated by org.testng.reporters.JUnitReportReporter -->
<testsuite skipped="0" hostname="DESKTOP-CGJKOVL" name="practice.Dummy10" tests="4" failures="0" timestamp="2021-01-04T08:07:30 IST" time="0.023" errors="0">
  <testcase name="excelData" time="0.003" classname="practice.Dummy10"/>
  <system-out/>
  <testcase name="excelData" time="0.008" classname="practice.Dummy10"/>
  <system-out/>
  <testcase name="excelData" time="0.002" classname="practice.Dummy10"/>
  <system-out/>
  <testcase name="excelData" time="0.010" classname="practice.Dummy10"/>
  <system-out/>
</testsuite> <!-- practice.Dummy10 -->
