<?xml version="1.0" encoding="UTF-8"?>
<!-- Generated by org.testng.reporters.JUnitReportReporter -->
<testsuite skipped="0" hostname="DESKTOP-CGJKOVL" name="practice.Dummy12" tests="4" failures="0" timestamp="2021-01-04T08:28:54 IST" time="0.018" errors="0">
  <testcase name="testmethod" time="0.003" classname="practice.Dummy12"/>
  <system-out/>
  <testcase name="testmethod" time="0.002" classname="practice.Dummy12"/>
  <system-out/>
  <testcase name="testmethod" time="0.001" classname="practice.Dummy12"/>
  <system-out/>
  <testcase name="testmethod" time="0.012" classname="practice.Dummy12"/>
  <system-out/>
</testsuite> <!-- practice.Dummy12 -->
