<?xml version="1.0" encoding="UTF-8"?>
<!-- Generated by org.testng.reporters.JUnitReportReporter -->
<testsuite skipped="0" hostname="DESKTOP-CGJKOVL" name="practice.Dummy7" tests="3" failures="0" timestamp="2021-01-01T19:07:10 IST" time="0.016" errors="0">
  <testcase name="sendmail" time="0.002" classname="practice.Dummy7"/>
  <system-out/>
  <testcase name="openbrowser" time="0.012" classname="practice.Dummy7"/>
  <system-out/>
  <testcase name="login" time="0.002" classname="practice.Dummy7"/>
  <system-out/>
</testsuite> <!-- practice.Dummy7 -->
