<?xml version="1.0" encoding="UTF-8"?>
<!-- Generated by org.testng.reporters.JUnitReportReporter -->
<testsuite skipped="0" hostname="DESKTOP-CGJKOVL" name="practice.Dummy17" tests="1" failures="0" timestamp="2021-01-05T08:40:34 IST" time="20.758" errors="0">
  <testcase name="openBrowser" time="20.758" classname="practice.Dummy17"/>
  <system-out>
Chrome browser opened <a href="C:\Users\mahesh reddy lucky\Documents\frameworks\org.magnitia.5TDD\target\05-Jan-2021-08-40-33.png"><img src="C:\Users\mahesh reddy lucky\Documents\frameworks\org.magnitia.5TDD\target\05-Jan-2021-08-40-33.png" height="100" width="100"/></a>  </system-out>
</testsuite> <!-- practice.Dummy17 -->
