<?xml version="1.0" encoding="UTF-8"?>
<!-- Generated by org.testng.reporters.JUnitReportReporter -->
<testsuite skipped="0" hostname="DESKTOP-CGJKOVL" name="practice.Dummy4" tests="3" failures="0" timestamp="2021-01-01T16:50:30 IST" time="0.019" errors="0">
  <testcase name="method" time="0.006" classname="practice.Dummy4"/>
  <system-out/>
  <testcase name="method" time="0.002" classname="practice.Dummy4"/>
  <system-out/>
  <testcase name="method" time="0.011" classname="practice.Dummy4"/>
  <system-out/>
</testsuite> <!-- practice.Dummy4 -->
