<?xml version="1.0" encoding="UTF-8"?>
<!-- Generated by org.testng.reporters.JUnitReportReporter -->
<testsuite skipped="0" hostname="DESKTOP-CGJKOVL" name="practice.Dummy20" tests="2" failures="0" timestamp="2021-01-07T09:00:21 IST" time="83.117" errors="0">
  <testcase name="method2" time="27.302" classname="practice.Dummy20"/>
  <system-out/>
  <testcase name="method3" time="55.815" classname="practice.Dummy20"/>
  <system-out/>
</testsuite> <!-- practice.Dummy20 -->
