<?xml version="1.0" encoding="UTF-8"?>
<!-- Generated by org.testng.reporters.JUnitReportReporter -->
<testsuite skipped="0" hostname="DESKTOP-CGJKOVL" name="practice.Dummy1" tests="1" failures="0" timestamp="2021-01-05T07:51:09 IST" time="0.022" errors="0">
  <testcase name="method" time="0.022" classname="practice.Dummy1"/>
  <system-out/>
</testsuite> <!-- practice.Dummy1 -->
